{
  "stats": {
    "suites": 2,
    "tests": 10,
    "passes": 10,
    "pending": 0,
    "failures": 0,
    "start": "2022-05-25T16:18:22.032Z",
    "end": "2022-05-25T16:18:22.048Z",
    "duration": 16,
    "testsRegistered": 10,
    "passPercent": 100,
    "pendingPercent": 0,
    "other": 0,
    "hasOther": false,
    "skipped": 0,
    "hasSkipped": false
  },
  "results": [
    {
      "uuid": "98ac578e-9da2-44f9-801d-fd206a5739de",
      "title": "",
      "fullFile": "",
      "file": "",
      "beforeHooks": [],
      "afterHooks": [],
      "tests": [],
      "suites": [
        {
          "uuid": "99b520b5-8c0e-4a74-accc-4f63d73ddaa8",
          "title": "factorialShort",
          "fullFile": "C:\\JS\\JS\\task2\\test\\specs\\factorialShort.spec.js",
          "file": "\\test\\specs\\factorialShort.spec.js",
          "beforeHooks": [
            {
              "title": "\"before each\" hook in \"factorialShort\"",
              "fullTitle": "factorialShort \"before each\" hook in \"factorialShort\"",
              "timedOut": false,
              "duration": 0,
              "state": null,
              "speed": null,
              "pass": false,
              "fail": false,
              "pending": false,
              "context": null,
              "code": "factorial = new Factorial();\nspy = chai.spy.on(factorial, 'factorialShort');",
              "err": {},
              "uuid": "577fe47b-8827-4714-a5b9-8b485057447e",
              "parentUUID": "99b520b5-8c0e-4a74-accc-4f63d73ddaa8",
              "isHook": true,
              "skipped": false
            }
          ],
          "afterHooks": [
            {
              "title": "\"after each\" hook in \"factorialShort\"",
              "fullTitle": "factorialShort \"after each\" hook in \"factorialShort\"",
              "timedOut": false,
              "duration": 0,
              "state": null,
              "speed": null,
              "pass": false,
              "fail": false,
              "pending": false,
              "context": null,
              "code": "factorial = null;",
              "err": {},
              "uuid": "abeb5e25-a7b9-4c8d-999f-ceacc0abc981",
              "parentUUID": "99b520b5-8c0e-4a74-accc-4f63d73ddaa8",
              "isHook": true,
              "skipped": false
            }
          ],
          "tests": [
            {
              "title": "should return 6 when called with number 3",
              "fullTitle": "factorialShort should return 6 when called with number 3",
              "timedOut": false,
              "duration": 0,
              "state": "passed",
              "speed": "fast",
              "pass": true,
              "fail": false,
              "pending": false,
              "context": null,
              "code": "expect(factorial.factorialShort(3)).to.be.equal(6);",
              "err": {},
              "uuid": "1ac935ce-32be-49f0-a529-f5dfd2903e59",
              "parentUUID": "99b520b5-8c0e-4a74-accc-4f63d73ddaa8",
              "isHook": false,
              "skipped": false
            },
            {
              "title": "should return 362880 when called with number 9",
              "fullTitle": "factorialShort should return 362880 when called with number 9",
              "timedOut": false,
              "duration": 1,
              "state": "passed",
              "speed": "fast",
              "pass": true,
              "fail": false,
              "pending": false,
              "context": null,
              "code": "expect(factorial.factorialShort(9)).to.be.equal(362880);",
              "err": {},
              "uuid": "4993dcbd-c3f2-4476-9dc4-e7099aa5c822",
              "parentUUID": "99b520b5-8c0e-4a74-accc-4f63d73ddaa8",
              "isHook": false,
              "skipped": false
            },
            {
              "title": "should throw an error if provided with a negative number",
              "fullTitle": "factorialShort should throw an error if provided with a negative number",
              "timedOut": false,
              "duration": 0,
              "state": "passed",
              "speed": "fast",
              "pass": true,
              "fail": false,
              "pending": false,
              "context": null,
              "code": "let callWithError = () => factorial.factorialShort(-1);\nexpect(spy).to.be.a.spy;\nexpect(callWithError).to.throw(`Negative number!`);",
              "err": {},
              "uuid": "f72df190-83ed-4f73-9197-541cbf783508",
              "parentUUID": "99b520b5-8c0e-4a74-accc-4f63d73ddaa8",
              "isHook": false,
              "skipped": false
            },
            {
              "title": "should be called twice when provided with 2",
              "fullTitle": "factorialShort should be called twice when provided with 2",
              "timedOut": false,
              "duration": 0,
              "state": "passed",
              "speed": "fast",
              "pass": true,
              "fail": false,
              "pending": false,
              "context": null,
              "code": "factorial.factorialShort(2);\nexpect(spy).to.have.been.called(2);",
              "err": {},
              "uuid": "67b7c75b-3218-4368-b1ea-d674f055ff1b",
              "parentUUID": "99b520b5-8c0e-4a74-accc-4f63d73ddaa8",
              "isHook": false,
              "skipped": false
            },
            {
              "title": "should return 1 when provided 1",
              "fullTitle": "factorialShort should return 1 when provided 1",
              "timedOut": false,
              "duration": 0,
              "state": "passed",
              "speed": "fast",
              "pass": true,
              "fail": false,
              "pending": false,
              "context": null,
              "code": "expect(factorial.factorialShort(1)).to.be.equal(1);",
              "err": {},
              "uuid": "00f839f0-cc81-47e8-9214-dc247f52c239",
              "parentUUID": "99b520b5-8c0e-4a74-accc-4f63d73ddaa8",
              "isHook": false,
              "skipped": false
            }
          ],
          "suites": [],
          "passes": [
            "1ac935ce-32be-49f0-a529-f5dfd2903e59",
            "4993dcbd-c3f2-4476-9dc4-e7099aa5c822",
            "f72df190-83ed-4f73-9197-541cbf783508",
            "67b7c75b-3218-4368-b1ea-d674f055ff1b",
            "00f839f0-cc81-47e8-9214-dc247f52c239"
          ],
          "failures": [],
          "pending": [],
          "skipped": [],
          "duration": 1,
          "root": false,
          "rootEmpty": false,
          "_timeout": 5000
        },
        {
          "uuid": "e925003e-3899-4be9-bba9-50e1ab7fccf1",
          "title": "factorialSimple",
          "fullFile": "C:\\JS\\JS\\task2\\test\\specs\\factorialSimple.spec.js",
          "file": "\\test\\specs\\factorialSimple.spec.js",
          "beforeHooks": [
            {
              "title": "\"before each\" hook in \"factorialSimple\"",
              "fullTitle": "factorialSimple \"before each\" hook in \"factorialSimple\"",
              "timedOut": false,
              "duration": 0,
              "state": null,
              "speed": null,
              "pass": false,
              "fail": false,
              "pending": false,
              "context": null,
              "code": "factorial = new Factorial();\nspy = chai.spy.on(factorial, 'factorialSimple');",
              "err": {},
              "uuid": "3fa14a40-f43f-4e6d-8c9d-cc11279efdf3",
              "parentUUID": "e925003e-3899-4be9-bba9-50e1ab7fccf1",
              "isHook": true,
              "skipped": false
            }
          ],
          "afterHooks": [
            {
              "title": "\"after each\" hook in \"factorialSimple\"",
              "fullTitle": "factorialSimple \"after each\" hook in \"factorialSimple\"",
              "timedOut": false,
              "duration": 0,
              "state": null,
              "speed": null,
              "pass": false,
              "fail": false,
              "pending": false,
              "context": null,
              "code": "factorial = null;",
              "err": {},
              "uuid": "f4668e17-3860-4f4d-b8b4-56f325e95cf7",
              "parentUUID": "e925003e-3899-4be9-bba9-50e1ab7fccf1",
              "isHook": true,
              "skipped": false
            }
          ],
          "tests": [
            {
              "title": "should return 6 when called with number 3",
              "fullTitle": "factorialSimple should return 6 when called with number 3",
              "timedOut": false,
              "duration": 0,
              "state": "passed",
              "speed": "fast",
              "pass": true,
              "fail": false,
              "pending": false,
              "context": null,
              "code": "expect(factorial.factorialSimple(3)).to.be.equal(6);",
              "err": {},
              "uuid": "cccd4214-1b4e-455f-b974-50bfc29c9bc2",
              "parentUUID": "e925003e-3899-4be9-bba9-50e1ab7fccf1",
              "isHook": false,
              "skipped": false
            },
            {
              "title": "should return 362880 when called with number 9",
              "fullTitle": "factorialSimple should return 362880 when called with number 9",
              "timedOut": false,
              "duration": 0,
              "state": "passed",
              "speed": "fast",
              "pass": true,
              "fail": false,
              "pending": false,
              "context": null,
              "code": "expect(factorial.factorialSimple(9)).to.be.equal(362880);",
              "err": {},
              "uuid": "6f542b18-dea5-4aaf-88fb-2c0f2fdbccfd",
              "parentUUID": "e925003e-3899-4be9-bba9-50e1ab7fccf1",
              "isHook": false,
              "skipped": false
            },
            {
              "title": "should throw an error if provided with a negative number",
              "fullTitle": "factorialSimple should throw an error if provided with a negative number",
              "timedOut": false,
              "duration": 1,
              "state": "passed",
              "speed": "fast",
              "pass": true,
              "fail": false,
              "pending": false,
              "context": null,
              "code": "let callWithError = () => factorial.factorialSimple(-1);\nexpect(spy).to.be.a.spy;\nexpect(callWithError).to.throw(`Negative number!`);",
              "err": {},
              "uuid": "a8f06d80-a661-4394-9365-86962ecef697",
              "parentUUID": "e925003e-3899-4be9-bba9-50e1ab7fccf1",
              "isHook": false,
              "skipped": false
            },
            {
              "title": "should be called twice when provided with 2",
              "fullTitle": "factorialSimple should be called twice when provided with 2",
              "timedOut": false,
              "duration": 0,
              "state": "passed",
              "speed": "fast",
              "pass": true,
              "fail": false,
              "pending": false,
              "context": null,
              "code": "factorial.factorialSimple(2);\nexpect(spy).to.have.been.called(1);",
              "err": {},
              "uuid": "7c1cc7d7-8b1b-4c24-a30b-d561786c935f",
              "parentUUID": "e925003e-3899-4be9-bba9-50e1ab7fccf1",
              "isHook": false,
              "skipped": false
            },
            {
              "title": "should return 1 when provided 1",
              "fullTitle": "factorialSimple should return 1 when provided 1",
              "timedOut": false,
              "duration": 0,
              "state": "passed",
              "speed": "fast",
              "pass": true,
              "fail": false,
              "pending": false,
              "context": null,
              "code": "expect(factorial.factorialSimple(1)).to.be.equal(1);",
              "err": {},
              "uuid": "47eec659-edcb-46ce-916e-998ed3db36e0",
              "parentUUID": "e925003e-3899-4be9-bba9-50e1ab7fccf1",
              "isHook": false,
              "skipped": false
            }
          ],
          "suites": [],
          "passes": [
            "cccd4214-1b4e-455f-b974-50bfc29c9bc2",
            "6f542b18-dea5-4aaf-88fb-2c0f2fdbccfd",
            "a8f06d80-a661-4394-9365-86962ecef697",
            "7c1cc7d7-8b1b-4c24-a30b-d561786c935f",
            "47eec659-edcb-46ce-916e-998ed3db36e0"
          ],
          "failures": [],
          "pending": [],
          "skipped": [],
          "duration": 1,
          "root": false,
          "rootEmpty": false,
          "_timeout": 5000
        }
      ],
      "passes": [],
      "failures": [],
      "pending": [],
      "skipped": [],
      "duration": 0,
      "root": true,
      "rootEmpty": true,
      "_timeout": 5000
    }
  ],
  "meta": {
    "mocha": {
      "version": "9.2.1"
    },
    "mochawesome": {
      "options": {
        "quiet": false,
        "reportFilename": "mochawesome",
        "saveHtml": true,
        "saveJson": true,
        "consoleReporter": "spec",
        "useInlineDiffs": false,
        "code": true
      },
      "version": "7.1.2"
    },
    "marge": {
      "options": null,
      "version": "6.1.1"
    }
  }
}